<?xml version="1.0" encoding="UTF-8"?>
<testng-results skipped="0" failed="0" ignored="0" total="1" passed="1">
  <reporter-output>
  </reporter-output>
  <suite name="Default suite" duration-ms="6518" started-at="2019-03-31T18:23:29Z" finished-at="2019-03-31T18:23:36Z">
    <groups>
    </groups>
    <test name="Default test" duration-ms="6518" started-at="2019-03-31T18:23:29Z" finished-at="2019-03-31T18:23:36Z">
      <class name="tests.Test8CopyTestNG_NegativeLoginTest">
        <test-method status="PASS" signature="setUp()[pri:0, instance:tests.Test8CopyTestNG_NegativeLoginTest@4c1909a3]" name="setUp" is-config="true" duration-ms="42" started-at="2019-03-31T18:23:29Z" finished-at="2019-03-31T18:23:29Z">
          <reporter-output>
          </reporter-output>
        </test-method> <!-- setUp -->
        <test-method status="PASS" signature="test()[pri:0, instance:tests.Test8CopyTestNG_NegativeLoginTest@4c1909a3]" name="test" duration-ms="6273" started-at="2019-03-31T18:23:29Z" finished-at="2019-03-31T18:23:36Z">
          <reporter-output>
          </reporter-output>
        </test-method> <!-- test -->
        <test-method status="PASS" signature="tearDown()[pri:0, instance:tests.Test8CopyTestNG_NegativeLoginTest@4c1909a3]" name="tearDown" is-config="true" duration-ms="166" started-at="2019-03-31T18:23:36Z" finished-at="2019-03-31T18:23:36Z">
          <reporter-output>
          </reporter-output>
        </test-method> <!-- tearDown -->
      </class> <!-- tests.Test8CopyTestNG_NegativeLoginTest -->
    </test> <!-- Default test -->
  </suite> <!-- Default suite -->
</testng-results>
